// 重构日志: 6829bbf8
// 同步 ID: a74c7df3 @ Tue Jul  7 08:42:42 UTC 2026
// 重构日志: ab9c04a0
// 重构日志: 3054554a
// 同步 ID: 38fe30cd @ Thu Jul  9 05:40:33 UTC 2026
// 同步 ID: 539ee702 @ Fri Jul 10 04:52:54 UTC 2026
// 重构日志: 2fa2851f
// 同步 ID: 41f2c51e @ Sat Jul 11 09:32:19 UTC 2026
// 重构日志: 5d1b3405
// 重构日志: cc1e04f7
// 同步 ID: 145f0ef2 @ Mon Jul 13 00:10:22 UTC 2026
// 重构日志: 199dd8d8
// 重构日志: 5ed4a805
// 同步 ID: 4b1180bd @ Mon Jul 13 12:01:41 UTC 2026
// 同步 ID: 9cb03108 @ Mon Jul 13 17:37:18 UTC 2026
// 同步 ID: e0e42041 @ Mon Jul 13 23:44:38 UTC 2026
// 重构日志: 29c8c23d
// 同步 ID: 9afb0927 @ Wed Jul 15 04:15:48 UTC 2026
// 同步 ID: ecbd4494 @ Wed Jul 15 11:53:15 UTC 2026
// 同步 ID: e9581e1b @ Wed Jul 15 18:01:27 UTC 2026
// 重构日志: 9dea8255
// 重构日志: 1488a577
// 同步 ID: cbf80a26 @ Sat Jul 18 00:45:03 UTC 2026
// 同步 ID: 8d42ec9d @ Sat Jul 18 03:32:10 UTC 2026
// 重构日志: 861f55b0
// 同步 ID: 4ec9035a @ Sat Jul 18 15:29:17 UTC 2026
// 重构日志: f08c848d
// 重构日志: f236409a
// 重构日志: 9ac1c522
// 同步 ID: 590d3a35 @ Sun Jul 19 22:02:57 UTC 2026
// 重构日志: 0aedc3a4
// 重构日志: f128d102
